Controlador de execução do SIMAN.

0.0044680612 Horas>
                                      ARENA Simulation Results
                                     Matheus - License: STUDENT

                                  Sumário para Replicação 1 de 1

Projeto: Unnamed Project                                             Data da execução :11/24/2018
Analista: Bernardelli                                                 Data de revisão do modelo:11/24/2018

Replicação terminada no tempo de      : 0.0044680612 Horas 
Unidade de Tempo Base: Horas

                                           VARIÁVEIS DE REGISTRO

Identificador                                  Média   Meia Largura  Mínimo    Máximo   Observações
___________________________________________________________________________________________________

CPU 12.WaitTimePerEntity                    8.6112E-11 2.7141E-11 .00000     1.0368E-08   6058    
CPU 11.WaitTimePerEntity                    7.3334E-11 2.4833E-11 .00000     1.1475E-08   5691    
CPU 10.WaitTimePerEntity                    9.8150E-11 3.8535E-11 .00000     1.0779E-08   5857    
CPU 9.VACostPerEntity                       .00000     .00000     .00000     .00000       5939    
CPU 8.VACostPerEntity                       .00000     .00000     .00000     .00000       5796    
CPU 7.VACostPerEntity                       .00000     .00000     .00000     .00000       5871    
CPU 6.VACostPerEntity                       .00000     .00000     .00000     .00000       5955    
CPU 5.VACostPerEntity                       .00000     .00000     .00000     .00000       5874    
CPU 4.VACostPerEntity                       .00000     .00000     .00000     .00000       5777    
CPU 3.VACostPerEntity                       .00000     .00000     .00000     .00000       6045    
CPU 2.VACostPerEntity                       .00000     .00000     .00000     .00000       5745    
CPU 1.VACostPerEntity                       .00000     .00000     .00000     .00000       5817    
CPU 9.TotalCostPerEntity                    .00000     .00000     .00000     .00000       5939    
CPU 8.TotalCostPerEntity                    .00000     .00000     .00000     .00000       5796    
CPU 7.TotalCostPerEntity                    .00000     .00000     .00000     .00000       5871    
CPU 6.TotalCostPerEntity                    .00000     .00000     .00000     .00000       5955    
CPU 5.TotalCostPerEntity                    .00000     .00000     .00000     .00000       5874    
CPU 4.TotalCostPerEntity                    .00000     .00000     .00000     .00000       5777    
CPU 3.TotalCostPerEntity                    .00000     .00000     .00000     .00000       6045    
CPU 2.TotalCostPerEntity                    .00000     .00000     .00000     .00000       5745    
CPU 1.TotalCostPerEntity                    .00000     .00000     .00000     .00000       5817    
CPU 9.WaitTimePerEntity                     1.0796E-10 3.6393E-11 .00000     9.7549E-09   5939    
CPU 8.WaitTimePerEntity                     1.0386E-10 3.2662E-11 .00000     1.1547E-08   5796    
CPU 7.WaitTimePerEntity                     1.0314E-10 3.5649E-11 .00000     1.0300E-08   5871    
CPU 6.WaitTimePerEntity                     1.3526E-10 4.8403E-11 .00000     1.0769E-08   5955    
CPU 5.WaitTimePerEntity                     1.1529E-10 4.1432E-11 .00000     1.0568E-08   5874    
CPU 4.WaitTimePerEntity                     1.2174E-10 3.3120E-11 .00000     1.0117E-08   5777    
CPU 3.WaitTimePerEntity                     8.7583E-10 3.3289E-10 .00000     6.5741E-08   6045    
CPU 2.WaitTimePerEntity                     9.0050E-10 2.5825E-10 .00000     3.5872E-08   5745    
CPU 1.WaitTimePerEntity                     8.4421E-10 2.8790E-10 .00000     4.5780E-08   5817    
CPU 9.TotalTimePerEntity                    2.2384E-08 7.0442E-11 1.1848E-08 3.5310E-08   5939    
CPU 8.TotalTimePerEntity                    2.2328E-08 9.2194E-11 1.2044E-08 3.4403E-08   5796    
CPU 7.TotalTimePerEntity                    2.2388E-08 6.2608E-11 1.2102E-08 3.6244E-08   5871    
CPU 6.TotalTimePerEntity                    2.2341E-08 (Corr)     1.1803E-08 3.7778E-08   5955    
CPU 5.TotalTimePerEntity                    2.2260E-08 9.6617E-11 1.1529E-08 4.3782E-08   5874    
CPU 4.TotalTimePerEntity                    2.2367E-08 8.7094E-11 1.3081E-08 3.4779E-08   5777    
CPU 3.TotalTimePerEntity                    2.3092E-08 3.2579E-10 1.0130E-08 9.1124E-08   6045    
CPU 2.TotalTimePerEntity                    2.3128E-08 2.8121E-10 1.0649E-08 6.2022E-08   5745    
CPU 1.TotalTimePerEntity                    2.3067E-08 3.0069E-10 1.2096E-08 6.9052E-08   5817    
CPU 12.WaitCostPerEntity                    .00000     .00000     .00000     .00000       6058    
CPU 11.WaitCostPerEntity                    .00000     .00000     .00000     .00000       5691    
CPU 10.WaitCostPerEntity                    .00000     .00000     .00000     .00000       5857    
CPU 12.TotalTimePerEntity                   2.2327E-08 7.8671E-11 1.1469E-08 3.2905E-08   6058    
CPU 11.TotalTimePerEntity                   2.2330E-08 1.0016E-10 1.2049E-08 3.7866E-08   5691    
CPU 10.TotalTimePerEntity                   2.2367E-08 9.3361E-11 1.0981E-08 3.2452E-08   5857    
CPU 12.VACostPerEntity                      .00000     .00000     .00000     .00000       6058    
CPU 11.VACostPerEntity                      .00000     .00000     .00000     .00000       5691    
CPU 10.VACostPerEntity                      .00000     .00000     .00000     .00000       5857    
CPU 9.VATimePerEntity                       2.2276E-08 5.7912E-11 1.1848E-08 3.1116E-08   5939    
CPU 8.VATimePerEntity                       2.2224E-08 8.6823E-11 1.2044E-08 3.2333E-08   5796    
CPU 7.VATimePerEntity                       2.2285E-08 6.7415E-11 1.2102E-08 3.3093E-08   5871    
CPU 6.VATimePerEntity                       2.2206E-08 5.9509E-11 1.1803E-08 3.2091E-08   5955    
CPU 5.VATimePerEntity                       2.2144E-08 8.8524E-11 1.1529E-08 3.3214E-08   5874    
CPU 4.VATimePerEntity                       2.2246E-08 8.2126E-11 1.3081E-08 3.3383E-08   5777    
CPU 3.VATimePerEntity                       2.2216E-08 8.1052E-11 1.0130E-08 3.2086E-08   6045    
CPU 2.VATimePerEntity                       2.2228E-08 7.1757E-11 1.0649E-08 3.2483E-08   5745    
CPU 1.VATimePerEntity                       2.2223E-08 (Corr)     1.2096E-08 3.2658E-08   5817    
CPU 12.VATimePerEntity                      2.2241E-08 7.7573E-11 1.1469E-08 3.1732E-08   6058    
CPU 11.VATimePerEntity                      2.2257E-08 9.2628E-11 1.2049E-08 3.2767E-08   5691    
CPU 10.VATimePerEntity                      2.2269E-08 7.4323E-11 1.0981E-08 3.1719E-08   5857    
CPU 9.WaitCostPerEntity                     .00000     .00000     .00000     .00000       5939    
CPU 8.WaitCostPerEntity                     .00000     .00000     .00000     .00000       5796    
CPU 7.WaitCostPerEntity                     .00000     .00000     .00000     .00000       5871    
CPU 6.WaitCostPerEntity                     .00000     .00000     .00000     .00000       5955    
CPU 5.WaitCostPerEntity                     .00000     .00000     .00000     .00000       5874    
CPU 4.WaitCostPerEntity                     .00000     .00000     .00000     .00000       5777    
CPU 3.WaitCostPerEntity                     .00000     .00000     .00000     .00000       6045    
CPU 2.WaitCostPerEntity                     .00000     .00000     .00000     .00000       5745    
CPU 1.WaitCostPerEntity                     .00000     .00000     .00000     .00000       5817    
CPU 12.TotalCostPerEntity                   .00000     .00000     .00000     .00000       6058    
CPU 11.TotalCostPerEntity                   .00000     .00000     .00000     .00000       5691    
CPU 10.TotalCostPerEntity                   .00000     .00000     .00000     .00000       5857    
Fluxos de Dados.VATime                      7.7879E-08 (Corr)     .00000     1.1319E-07  20106    
Fluxos de Dados.NVATime                     .00000     .00000     .00000     .00000      20106    
Fluxos de Dados.WaitTime                    1.0408E-09 (Corr)     .00000     7.4430E-08  20106    
Fluxos de Dados.TranTime                    .00000     .00000     .00000     .00000      20106    
Fluxos de Dados.OtherTime                   .00000     .00000     .00000     .00000      20106    
Fluxos de Dados.TotalTime                   7.8920E-08 (Corr)     .00000     1.7457E-07  20106    
Fluxos de Dados.VACost                      .00000     .00000     .00000     .00000      20106    
Fluxos de Dados.NVACost                     .00000     .00000     .00000     .00000      20106    
Fluxos de Dados.WaitCost                    .00000     .00000     .00000     .00000      20106    
Fluxos de Dados.TranCost                    .00000     .00000     .00000     .00000      20106    
Fluxos de Dados.OtherCost                   .00000     .00000     .00000     .00000      20106    
Fluxos de Dados.TotalCost                   .00000     .00000     .00000     .00000      20106    
CPU 2.Queue.WaitingTime                     9.0050E-10 2.5825E-10 .00000     3.5872E-08   5745    
CPU 2.Queue.WaitingCost                     .00000     .00000     .00000     .00000       5745    
CPU 4.Queue.WaitingTime                     1.2174E-10 3.3120E-11 .00000     1.0117E-08   5777    
CPU 4.Queue.WaitingCost                     .00000     .00000     .00000     .00000       5777    
CPU 7.Queue.WaitingTime                     1.0314E-10 3.5649E-11 .00000     1.0300E-08   5871    
CPU 7.Queue.WaitingCost                     .00000     .00000     .00000     .00000       5871    
CPU 9.Queue.WaitingTime                     1.0796E-10 3.6393E-11 .00000     9.7549E-09   5939    
CPU 9.Queue.WaitingCost                     .00000     .00000     .00000     .00000       5939    
CPU 12.Queue.WaitingTime                    8.6112E-11 2.7141E-11 .00000     1.0368E-08   6058    
CPU 12.Queue.WaitingCost                    .00000     .00000     .00000     .00000       6058    
CPU 11.Queue.WaitingTime                    7.3334E-11 2.4833E-11 .00000     1.1475E-08   5691    
CPU 11.Queue.WaitingCost                    .00000     .00000     .00000     .00000       5691    
CPU 10.Queue.WaitingTime                    9.8150E-11 3.8535E-11 .00000     1.0779E-08   5857    
CPU 10.Queue.WaitingCost                    .00000     .00000     .00000     .00000       5857    
CPU 1.Queue.WaitingTime                     8.4421E-10 2.8790E-10 .00000     4.5780E-08   5817    
CPU 1.Queue.WaitingCost                     .00000     .00000     .00000     .00000       5817    
CPU 3.Queue.WaitingTime                     8.7583E-10 3.3289E-10 .00000     6.5741E-08   6045    
CPU 3.Queue.WaitingCost                     .00000     .00000     .00000     .00000       6045    
CPU 8.Queue.WaitingTime                     1.0386E-10 3.2662E-11 .00000     1.1547E-08   5796    
CPU 8.Queue.WaitingCost                     .00000     .00000     .00000     .00000       5796    
CPU 6.Queue.WaitingTime                     1.3526E-10 4.8403E-11 .00000     1.0769E-08   5955    
CPU 6.Queue.WaitingCost                     .00000     .00000     .00000     .00000       5955    
CPU 5.Queue.WaitingTime                     1.1528E-10 4.1432E-11 .00000     1.0568E-08   5875    
CPU 5.Queue.WaitingCost                     .00000     .00000     .00000     .00000       5875    

                                     VARIÁVEIS DISCRETAS

Identificador                                 Média   Meia Largura  Mínimo    Máximo   Valor Final
___________________________________________________________________________________________________

tempoTotal Value                            .00223     (Insuf)    .00000     .00447     .00447    
Fluxos de Dados.WIP                         .35515     (Insuf)    .00000     4.0000     1.0000    
Máquina Iniciador.NumberBusy                .00000     (Insuf)    .00000     .00000     .00000    
Máquina Iniciador.NumberScheduled           1.0000     (Insuf)    1.0000     1.0000     1.0000    
Máquina Iniciador.Utilization               .00000     (Insuf)    .00000     .00000     .00000    
Operador 4.NumberBusy                       .08770     (Insuf)    .00000     1.0000     .00000    
Operador 4.NumberScheduled                  1.0000     (Insuf)    1.0000     1.0000     1.0000    
Operador 4.Utilization                      .08770     (Insuf)    .00000     1.0000     .00000    
Operador 3.NumberBusy                       .08772     (Insuf)    .00000     1.0000     .00000    
Operador 3.NumberScheduled                  1.0000     (Insuf)    1.0000     1.0000     1.0000    
Operador 3.Utilization                      .08772     (Insuf)    .00000     1.0000     .00000    
Operador 2.NumberBusy                       .08748     (Insuf)    .00000     1.0000     1.0000    
Operador 2.NumberScheduled                  1.0000     (Insuf)    1.0000     1.0000     1.0000    
Operador 2.Utilization                      .08748     (Insuf)    .00000     1.0000     1.0000    
Operador 1.NumberBusy                       .08757     (Insuf)    .00000     1.0000     .00000    
Operador 1.NumberScheduled                  1.0000     (Insuf)    1.0000     1.0000     1.0000    
Operador 1.Utilization                      .08757     (Insuf)    .00000     1.0000     .00000    
CPU 2.Queue.NumberInQueue                   .00116     (Insuf)    .00000     2.0000     .00000    
CPU 4.Queue.NumberInQueue                   1.5740E-04 (Insuf)    .00000     1.0000     .00000    
CPU 7.Queue.NumberInQueue                   1.3552E-04 (Insuf)    .00000     1.0000     .00000    
CPU 9.Queue.NumberInQueue                   1.4351E-04 (Insuf)    .00000     1.0000     .00000    
CPU 12.Queue.NumberInQueue                  1.1675E-04 (Insuf)    .00000     1.0000     .00000    
CPU 11.Queue.NumberInQueue                  9.3406E-05 (Insuf)    .00000     1.0000     .00000    
CPU 10.Queue.NumberInQueue                  1.2866E-04 (Insuf)    .00000     1.0000     .00000    
CPU 1.Queue.NumberInQueue                   .00110     (Insuf)    .00000     2.0000     .00000    
CPU 3.Queue.NumberInQueue                   .00118     (Insuf)    .00000     2.0000     .00000    
CPU 8.Queue.NumberInQueue                   1.3473E-04 (Insuf)    .00000     1.0000     .00000    
CPU 6.Queue.NumberInQueue                   1.8028E-04 (Insuf)    .00000     1.0000     .00000    
CPU 5.Queue.NumberInQueue                   1.5157E-04 (Insuf)    .00000     1.0000     .00000    

                                             CONTADORES

Identificador                                    Limite Contagem
_____________________________________________________________

contaFila                                      2500  Infinite

                                             RESULTADOS

Identificador                                   Valor
_____________________________________________________________

CPU 8 Accum VA Cost                         .00000    
CPU 6 Total Accum Time                      1.3304E-04
CPU 12 Accum VA Time                        1.3473E-04
CPU 11 Accum VA Time                        1.2666E-04
CPU 10 Accum VA Time                        1.3043E-04
CPU 2 Number In                             5745.0    
CPU 2 Total Accum Cost                      .00000    
CPU 1 Total Accum Time                      1.3418E-04
CPU 12 Total Accum Time                     1.3525E-04
CPU 11 Total Accum Time                     1.2708E-04
CPU 10 Total Accum Time                     1.3101E-04
CPU 5 Number Out                            5874.0    
CPU 2 Number Out                            5745.0    
CPU 2 Accum Wait Cost                       .00000    
CPU 8 Accum Wait Time                       6.0197E-07
CPU 3 Accum VA Cost                         .00000    
CPU 1 Accum VA Time                         1.2927E-04
CPU 8 Accum VA Time                         1.2881E-04
CPU 6 Accum VA Time                         1.3224E-04
CPU 6 Number Out                            5955.0    
CPU 8 Total Accum Time                      1.2941E-04
CPU 7 Number Out                            5871.0    
CPU 8 Total Accum Cost                      .00000    
CPU 1 Accum VA Cost                         .00000    
CPU 1 Number Out                            5817.0    
CPU 2 Accum Wait Time                       5.1734E-06
CPU 1 Accum Wait Cost                       .00000    
CPU 12 Accum VA Cost                        .00000    
CPU 11 Accum VA Cost                        .00000    
CPU 10 Accum VA Cost                        .00000    
CPU 9 Total Accum Cost                      .00000    
CPU 4 Accum Wait Cost                       .00000    
CPU 5 Accum VA Cost                         .00000    
CPU 4 Accum VA Cost                         .00000    
CPU 5 Accum Wait Cost                       .00000    
CPU 6 Accum VA Cost                         .00000    
CPU 3 Total Accum Time                      1.3959E-04
CPU 3 Accum VA Time                         1.3430E-04
CPU 5 Accum Wait Time                       6.7724E-07
CPU 6 Total Accum Cost                      .00000    
CPU 6 Accum Wait Cost                       .00000    
CPU 9 Number Out                            5939.0    
CPU 5 Accum VA Time                         1.3008E-04
CPU 2 Total Accum Time                      1.3287E-04
CPU 8 Number Out                            5796.0    
CPU 4 Total Accum Cost                      .00000    
CPU 12 Accum Wait Cost                      .00000    
CPU 11 Accum Wait Cost                      .00000    
CPU 10 Accum Wait Cost                      .00000    
CPU 9 Accum Wait Cost                       .00000    
CPU 7 Accum Wait Time                       6.0552E-07
CPU 4 Number Out                            5777.0    
CPU 3 Number In                             6045.0    
CPU 4 Accum VA Time                         1.2851E-04
CPU 9 Accum VA Cost                         .00000    
CPU 4 Number In                             5777.0    
CPU 5 Total Accum Cost                      .00000    
CPU 6 Number In                             5955.0    
CPU 2 Accum VA Time                         1.2770E-04
CPU 4 Total Accum Time                      1.2922E-04
CPU 9 Number In                             5939.0    
CPU 7 Total Accum Time                      1.3144E-04
CPU 3 Accum Wait Time                       5.2944E-06
CPU 5 Total Accum Time                      1.3075E-04
CPU 3 Total Accum Cost                      .00000    
CPU 7 Accum VA Cost                         .00000    
CPU 3 Accum Wait Cost                       .00000    
CPU 6 Accum Wait Time                       8.0550E-07
CPU 1 Number In                             5817.0    
CPU 12 Accum Wait Time                      5.2166E-07
CPU 11 Accum Wait Time                      4.1735E-07
CPU 10 Accum Wait Time                      5.7487E-07
CPU 3 Number Out                            6045.0    
CPU 5 Number In                             5875.0    
CPU 9 Accum Wait Time                       6.4119E-07
CPU 4 Accum Wait Time                       7.0329E-07
CPU 12 Number In                            6058.0    
CPU 11 Number In                            5691.0    
CPU 10 Number In                            5857.0    
CPU 12 Number Out                           6058.0    
CPU 11 Number Out                           5691.0    
CPU 10 Number Out                           5857.0    
CPU 7 Accum Wait Cost                       .00000    
CPU 7 Total Accum Cost                      .00000    
CPU 2 Accum VA Cost                         .00000    
CPU 9 Total Accum Time                      1.3294E-04
CPU 7 Accum VA Time                         1.3084E-04
CPU 12 Total Accum Cost                     .00000    
CPU 11 Total Accum Cost                     .00000    
CPU 10 Total Accum Cost                     .00000    
CPU 7 Number In                             5871.0    
CPU 9 Accum VA Time                         1.3230E-04
CPU 1 Total Accum Cost                      .00000    
CPU 8 Number In                             5796.0    
CPU 1 Accum Wait Time                       4.9108E-06
CPU 8 Accum Wait Cost                       .00000    
Fluxos de Dados.NumberIn                    20107.    
Fluxos de Dados.NumberOut                   20106.    
Máquina Iniciador.NumberSeized              .00000    
Máquina Iniciador.ScheduledUtilization      .00000    
Máquina Iniciador.BusyCost                  .00000    
Máquina Iniciador.IdleCost                  .00000    
Máquina Iniciador.UsageCost                 .00000    
Operador 4.NumberSeized                     17606.    
Operador 4.ScheduledUtilization             .08770    
Operador 4.BusyCost                         .00000    
Operador 4.IdleCost                         .00000    
Operador 4.UsageCost                        .00000    
Operador 3.NumberSeized                     17606.    
Operador 3.ScheduledUtilization             .08772    
Operador 3.BusyCost                         .00000    
Operador 3.IdleCost                         .00000    
Operador 3.UsageCost                        .00000    
Operador 2.NumberSeized                     17607.    
Operador 2.ScheduledUtilization             .08748    
Operador 2.BusyCost                         .00000    
Operador 2.IdleCost                         .00000    
Operador 2.UsageCost                        .00000    
Operador 1.NumberSeized                     17607.    
Operador 1.ScheduledUtilization             .08757    
Operador 1.BusyCost                         .00000    
Operador 1.IdleCost                         .00000    
Operador 1.UsageCost                        .00000    
All Entities.VACost                         .00000    
All Entities.NVACost                        .00000    
All Entities.WaitCost                       .00000    
All Entities.TranCost                       .00000    
All Entities.OtherCost                      .00000    
All Entities.TotalCost                      .00000    
All Resources.BusyCost                      .00000    
All Resources.IdleCost                      .00000    
All Resources.UsageCost                     .00000    
All Resources.TotalCost                     .00000    
System.TotalCost                            .00000    
System.NumberOut                            20106.    


Tempo executando a simulação: 1.73 minutos.
Simulação completada.
